#
# There is insufficient memory for the Java Runtime Environment to continue.
# Native memory allocation (mmap) failed to map 268435456 bytes for Failed to commit area from 0x0000000700800000 to 0x0000000710800000 of length 268435456.
# Possible reasons:
#   The system is out of physical RAM or swap space
#   The process is running with CompressedOops enabled, and the Java Heap may be blocking the growth of the native heap
# Possible solutions:
#   Reduce memory load on the system
#   Increase physical memory or swap space
#   Check if swap backing store is full
#   Decrease Java heap size (-Xmx/-Xms)
#   Decrease number of Java threads
#   Decrease Java thread stack sizes (-Xss)
#   Set larger code cache with -XX:ReservedCodeCacheSize=
# This output file may be truncated or incomplete.
#
#  Out of Memory Error (t:/workspace/open/src/hotspot/os/windows/os_windows.cpp:3301), pid=4508, tid=17652
#
# JRE version:  (13.0.2+8) (build )
# Java VM: Java HotSpot(TM) 64-Bit Server VM (13.0.2+8, mixed mode, aot, sharing, tiered, compressed oops, g1 gc, windows-amd64)
# No core dump will be written. Minidumps are not enabled by default on client versions of Windows
#

---------------  S U M M A R Y ------------

Command Line: -Dclassworlds.conf=C:\Program Files\NetBeans-11.2\netbeans\java\maven\bin\m2.conf -Dmaven.home=C:\Program Files\NetBeans-11.2\netbeans\java\maven -Dmaven.multiModuleProjectDirectory=D:\Projects\ImageProcessing org.codehaus.plexus.classworlds.launcher.Launcher -Dexec.args=-classpath %classpath Assignment1 -Dexec.executable=C:\Program Files\Java\jdk-13.0.2\bin\java.exe -Dexec.classpathScope=runtime -Dmaven.ext.class.path=C:\Program Files\NetBeans-11.2\netbeans\java\maven-nblib\netbeans-eventspy.jar -Dfile.encoding=UTF-8 process-classes org.codehaus.mojo:exec-maven-plugin:1.5.0:exec

Host: Intel(R) Core(TM) i7-3770 CPU @ 3.40GHz, 8 cores, 15G,  Windows 10 , 64 bit Build 18362 (10.0.18362.778)
Time: Sun Apr 19 19:29:18 2020 Malay Peninsula Standard Time elapsed time: 0 seconds (0d 0h 0m 0s)

---------------  T H R E A D  ---------------

Current thread (0x000001f5efde4800):  JavaThread "Unknown thread" [_thread_in_vm, id=17652, stack(0x0000001a0f400000,0x0000001a0f500000)]

Stack: [0x0000001a0f400000,0x0000001a0f500000]
Native frames: (J=compiled Java code, j=interpreted, Vv=VM code, C=native code)
V  [jvm.dll+0x624f9a]
V  [jvm.dll+0x770cfa]
V  [jvm.dll+0x7724af]
V  [jvm.dll+0x772ab3]
V  [jvm.dll+0x24bf08]
V  [jvm.dll+0x6222aa]
V  [jvm.dll+0x6170b5]
V  [jvm.dll+0x30a88c]
V  [jvm.dll+0x30a6c2]
V  [jvm.dll+0x30fe36]
V  [jvm.dll+0x353f46]
V  [jvm.dll+0x353720]
V  [jvm.dll+0x2e550a]
V  [jvm.dll+0x2e67a2]
V  [jvm.dll+0x74dd78]
V  [jvm.dll+0x361989]
V  [jvm.dll+0x730e65]
V  [jvm.dll+0x3cc53f]
V  [jvm.dll+0x3ce861]
C  [jli.dll+0x51ff]
C  [ucrtbase.dll+0x20e72]
C  [KERNEL32.DLL+0x17bd4]
C  [ntdll.dll+0x6ce51]


---------------  P R O C E S S  ---------------

Threads class SMR info:
_java_thread_list=0x00007ffa7a8bccb8, length=0, elements={
}

Java Threads: ( => current thread )

Other Threads:
  0x000001f5efe4f800 GCTaskThread "GC Thread#0" [stack: 0x0000001a0f500000,0x0000001a0f600000] [id=16844]
  0x000001f5efe71000 ConcurrentGCThread "G1 Main Marker" [stack: 0x0000001a0f600000,0x0000001a0f700000] [id=10676]
  0x000001f5efe72800 ConcurrentGCThread "G1 Conc#0" [stack: 0x0000001a0f700000,0x0000001a0f800000] [id=9124]

[error occurred during error reporting (printing all threads), id 0xc0000005, EXCEPTION_ACCESS_VIOLATION (0xc0000005) at pc=0x00007ffa7a0f51d7]

VM state:not at safepoint (not fully initialized)

VM Mutex/Monitor currently owned by a thread:  ([mutex/lock_event])
[0x000001f5efde1a90] Heap_lock - owner thread: 0x000001f5efde4800

Heap address: 0x0000000700800000, size: 4088 MB, Compressed Oops mode: Non-zero based: 0x0000000700800000
Narrow klass base: 0x0000000000000000, Narrow klass shift: 0

GC Heap History (0 events):
No events

Deoptimization events (0 events):
No events

Classes unloaded (0 events):
No events

Classes redefined (0 events):
No events

Internal exceptions (0 events):
No events

Events (8 events):
Event: 0.005 Loaded shared library C:\Program Files\Java\jdk-13.0.2\bin\zip.dll
Event: 0.006 Loaded shared library C:\Program Files\Java\jdk-13.0.2\bin\jimage.dll
Event: 0.007 Loading shared library C:\Program Files\Java\jdk-13.0.2\lib\libjava.base-coop.dll failed, error code 126
Event: 0.007 Loading shared library C:\Program Files\Java\jdk-13.0.2\lib\libjava.logging-coop.dll failed, error code 126
Event: 0.007 Loading shared library C:\Program Files\Java\jdk-13.0.2\lib\libjdk.compiler-coop.dll failed, error code 126
Event: 0.007 Loading shared library C:\Program Files\Java\jdk-13.0.2\lib\libjdk.scripting.nashorn-coop.dll failed, error code 126
Event: 0.007 Loading shared library C:\Program Files\Java\jdk-13.0.2\lib\libjdk.internal.vm.ci-coop.dll failed, error code 126
Event: 0.007 Loading shared library C:\Program Files\Java\jdk-13.0.2\lib\libjdk.internal.vm.compiler-coop.dll failed, error code 126


Dynamic libraries:
0x00007ff74de60000 - 0x00007ff74de6f000 	C:\Program Files\Java\jdk-13.0.2\bin\java.exe
0x00007ffae7920000 - 0x00007ffae7b10000 	C:\WINDOWS\SYSTEM32\ntdll.dll
0x00007ffae6c40000 - 0x00007ffae6cf2000 	C:\WINDOWS\System32\KERNEL32.DLL
0x00007ffae4420000 - 0x00007ffae46c3000 	C:\WINDOWS\System32\KERNELBASE.dll
0x00007ffae42c0000 - 0x00007ffae43ba000 	C:\WINDOWS\System32\ucrtbase.dll
0x00007ffac1490000 - 0x00007ffac14a5000 	C:\Program Files\Java\jdk-13.0.2\bin\VCRUNTIME140.dll
0x00007ffac5020000 - 0x00007ffac5038000 	C:\Program Files\Java\jdk-13.0.2\bin\jli.dll
0x00007ffae54e0000 - 0x00007ffae5583000 	C:\WINDOWS\System32\ADVAPI32.dll
0x00007ffae5040000 - 0x00007ffae50de000 	C:\WINDOWS\System32\msvcrt.dll
0x00007ffae5440000 - 0x00007ffae54d7000 	C:\WINDOWS\System32\sechost.dll
0x00007ffae57b0000 - 0x00007ffae58d0000 	C:\WINDOWS\System32\RPCRT4.dll
0x00007ffae5610000 - 0x00007ffae57a4000 	C:\WINDOWS\System32\USER32.dll
0x00007ffada800000 - 0x00007ffadaa85000 	C:\WINDOWS\WinSxS\amd64_microsoft.windows.common-controls_6595b64144ccf1df_6.0.18362.778_none_e6c6b761130d4fb8\COMCTL32.dll
0x00007ffae4290000 - 0x00007ffae42b1000 	C:\WINDOWS\System32\win32u.dll
0x00007ffae50e0000 - 0x00007ffae5416000 	C:\WINDOWS\System32\combase.dll
0x00007ffae5940000 - 0x00007ffae5966000 	C:\WINDOWS\System32\GDI32.dll
0x00007ffae4070000 - 0x00007ffae4204000 	C:\WINDOWS\System32\gdi32full.dll
0x00007ffae4210000 - 0x00007ffae4290000 	C:\WINDOWS\System32\bcryptPrimitives.dll
0x00007ffae4e80000 - 0x00007ffae4f1e000 	C:\WINDOWS\System32\msvcp_win.dll
0x00007ffadf050000 - 0x00007ffadf05a000 	C:\WINDOWS\SYSTEM32\VERSION.dll
0x00007ffae5af0000 - 0x00007ffae5b1e000 	C:\WINDOWS\System32\IMM32.DLL
0x00007ffaa37f0000 - 0x00007ffaa388b000 	C:\Program Files\Java\jdk-13.0.2\bin\msvcp140.dll
0x00007ffa79e00000 - 0x00007ffa7a95d000 	C:\Program Files\Java\jdk-13.0.2\bin\server\jvm.dll
0x00007ffae6f50000 - 0x00007ffae6f58000 	C:\WINDOWS\System32\PSAPI.DLL
0x00007ffad3a90000 - 0x00007ffad3a99000 	C:\WINDOWS\SYSTEM32\WSOCK32.dll
0x00007ffadf3f0000 - 0x00007ffadf414000 	C:\WINDOWS\SYSTEM32\WINMM.dll
0x00007ffae58d0000 - 0x00007ffae593f000 	C:\WINDOWS\System32\WS2_32.dll
0x00007ffadf3c0000 - 0x00007ffadf3ed000 	C:\WINDOWS\SYSTEM32\winmmbase.dll
0x00007ffae4f20000 - 0x00007ffae4f6a000 	C:\WINDOWS\System32\cfgmgr32.dll
0x00007ffae3e60000 - 0x00007ffae3e71000 	C:\WINDOWS\System32\kernel.appcore.dll
0x00007ffae0a40000 - 0x00007ffae0a50000 	C:\Program Files\Java\jdk-13.0.2\bin\verify.dll
0x00007ffad3e30000 - 0x00007ffad4024000 	C:\WINDOWS\SYSTEM32\DBGHELP.DLL
0x00007ffad3250000 - 0x00007ffad327a000 	C:\WINDOWS\SYSTEM32\dbgcore.DLL
0x00007ffabff20000 - 0x00007ffabff46000 	C:\Program Files\Java\jdk-13.0.2\bin\java.dll
0x00007ffabff70000 - 0x00007ffabff87000 	C:\Program Files\Java\jdk-13.0.2\bin\zip.dll
0x00007ffadbfc0000 - 0x00007ffadbfca000 	C:\Program Files\Java\jdk-13.0.2\bin\jimage.dll

dbghelp: loaded successfully - version: 4.0.5 - missing functions: none
symbol engine: initialized successfully - sym options: 0x614 - pdb path: .;C:\Program Files\Java\jdk-13.0.2\bin;C:\WINDOWS\SYSTEM32;C:\WINDOWS\WinSxS\amd64_microsoft.windows.common-controls_6595b64144ccf1df_6.0.18362.778_none_e6c6b761130d4fb8;C:\Program Files\Java\jdk-13.0.2\bin\server

VM Arguments:
jvm_args: -Dclassworlds.conf=C:\Program Files\NetBeans-11.2\netbeans\java\maven\bin\m2.conf -Dmaven.home=C:\Program Files\NetBeans-11.2\netbeans\java\maven -Dmaven.multiModuleProjectDirectory=D:\Projects\ImageProcessing 
java_command: org.codehaus.plexus.classworlds.launcher.Launcher -Dexec.args=-classpath %classpath Assignment1 -Dexec.executable=C:\Program Files\Java\jdk-13.0.2\bin\java.exe -Dexec.classpathScope=runtime -Dmaven.ext.class.path=C:\Program Files\NetBeans-11.2\netbeans\java\maven-nblib\netbeans-eventspy.jar -Dfile.encoding=UTF-8 process-classes org.codehaus.mojo:exec-maven-plugin:1.5.0:exec
java_class_path (initial): C:\Program Files\NetBeans-11.2\netbeans\java\maven\boot\plexus-classworlds-2.5.2.jar
Launcher Type: SUN_STANDARD

[Global flags]
     intx CICompilerCount                          = 4                                         {product} {ergonomic}
     uint ConcGCThreads                            = 2                                         {product} {ergonomic}
     uint G1ConcRefinementThreads                  = 8                                         {product} {ergonomic}
   size_t G1HeapRegionSize                         = 1048576                                   {product} {ergonomic}
    uintx GCDrainStackTargetSize                   = 64                                        {product} {ergonomic}
   size_t InitialHeapSize                          = 268435456                                 {product} {ergonomic}
   size_t MarkStackSize                            = 4194304                                   {product} {ergonomic}
   size_t MaxHeapSize                              = 4286578688                                {product} {ergonomic}
   size_t MinHeapDeltaBytes                        = 1048576                                   {product} {ergonomic}
   size_t MinHeapSize                              = 8388608                                   {product} {ergonomic}
    uintx NonNMethodCodeHeapSize                   = 5839372                                {pd product} {ergonomic}
    uintx NonProfiledCodeHeapSize                  = 122909434                              {pd product} {ergonomic}
    uintx ProfiledCodeHeapSize                     = 122909434                              {pd product} {ergonomic}
    uintx ReservedCodeCacheSize                    = 251658240                              {pd product} {ergonomic}
     bool SegmentedCodeCache                       = true                                      {product} {ergonomic}
   size_t SoftMaxHeapSize                          = 4286578688                             {manageable} {ergonomic}
     bool UseCompressedClassPointers               = true                                 {lp64_product} {ergonomic}
     bool UseCompressedOops                        = true                                 {lp64_product} {ergonomic}
     bool UseG1GC                                  = true                                      {product} {ergonomic}
     bool UseLargePagesIndividualAllocation        = false                                  {pd product} {ergonomic}

Logging:
Log output configuration:
 #0: stdout all=warning uptime,level,tags
 #1: stderr all=off uptime,level,tags

Environment Variables:
JAVA_HOME=C:\Program Files\Java\jdk-13.0.2
PATH=C:\ProgramData\DockerDesktop\version-bin;C:\Program Files\Docker\Docker\Resources\bin;C:\Program Files (x86)\Common Files\Intel\Shared Libraries\redist\intel64\compiler;C:\Windows\system32;C:\Windows;C:\Windows\System32\Wbem;C:\Program Files\Microsoft SQL Server\110\Tools\Binn\;C:\Program Files (x86)\Microsoft SDKs\TypeScript\1.0\;C:\Program Files\Microsoft SQL Server\120\Tools\Binn\;C:\Program Files\Microsoft SQL Server\Client SDK\ODBC\110\Tools\Binn\;C:\Program Files (x86)\Microsoft SQL Server\120\Tools\Binn\;C:\Program Files\Microsoft SQL Server\120\DTS\Binn\;C:\Program Files (x86)\Microsoft SQL Server\120\Tools\Binn\ManagementStudio\;C:\Program Files (x86)\Microsoft SQL Server\120\DTS\Binn\;C:\Program Files\Microsoft SQL Server\130\Tools\Binn\;C:\Program Files\dotnet\;C:\Program Files (x86)\dotnet\;C:\Windows\System32\WindowsPowerShell\v1.0\;C:\Program Files\Microsoft VS Code\bin;C:\Program Files (x86)\NVIDIA Corporation\PhysX\Common;C:\Users\Jacob\Downloads\flutter_windows_v1.2.1-stable\flutter\bin;C:\Program Files\MongoDB\Server\4.0\bin;C:\ProgramData\chocolatey\bin;C:\Program Files\nodejs\;C:\WINDOWS\system32;C:\WINDOWS;C:\WINDOWS\System32\Wbem;C:\WINDOWS\System32\WindowsPowerShell\v1.0\;C:\WINDOWS\System32\OpenSSH\;C:\Program Files\Git LFS;C:\Program Files\MySQL\MySQL Utilities 1.6\;C:\Program Files\PuTTY\;C:\Program Files\Git\cmd;C:\Program Files\MySQL\MySQL Shell 8.0\bin\;C:\Users\Jacob\AppData\Roaming\npm;C:\Users\Jacob\.windows-build-tools\python27\;C:\Program Files\nodejs\node_modules\npm\node_modules\npm-lifecycle\node-gyp-bin;C:\Users\Jacob\AppData\Roaming\npm\node_modules\windows-build-tools\node_modules\.bin;C:\Users\Jacob\AppData\Roaming\npm\node_modules\.bin;C:\Windows\system32\WindowsPowerShell\v1.0\;C:\Program Files (x86)\Common Files\Intel\Shared Libraries\redist\intel64\compiler;C:\Windows\system32;C:\Windows;C:\Windows\System32\Wbem;C:\Program Files\Microsoft SQL Server\110\Tools\Binn\;C:\Program Files (x86)\Microsoft SDKs\TypeScript\1.0\;C
USERNAME=Jacob
OS=Windows_NT
PROCESSOR_IDENTIFIER=Intel64 Family 6 Model 58 Stepping 9, GenuineIntel



---------------  S Y S T E M  ---------------

OS: Windows 10 , 64 bit Build 18362 (10.0.18362.778)
HyperV virtualization detected

CPU:total 8 (initial active 8) (4 cores per cpu, 2 threads per core) family 6 model 58 stepping 9, cmov, cx8, fxsr, mmx, sse, sse2, sse3, ssse3, sse4.1, sse4.2, popcnt, avx, aes, clmul, erms, ht, tsc, tscinvbit, tscinv

Memory: 4k page, system-wide physical 16344M (5327M free)
TotalPageFile size 20431M (AvailPageFile size 137M)
current process WorkingSet (physical memory assigned to process): 10M, peak: 10M
current process commit charge ("private bytes"): 61M, peak: 317M

vm_info: Java HotSpot(TM) 64-Bit Server VM (13.0.2+8) for windows-amd64 JRE (13.0.2+8), built on Dec 11 2019 09:20:33 by "mach5one" with unknown MS VC++:1916

END.
